app/build/intermediates/manifest_merge_blame_file/release/processReleaseMainManifest/manifest-merger-blame-release-report.txt
1<?xml version="1.0" encoding="utf-8"?>
2<manifest xmlns:android="http://schemas.android.com/apk/res/android"
3    package="com.ticket12306.android"
4    android:versionCode="1"
5    android:versionName="1.0.0" >
6
7    <uses-sdk
8        android:minSdkVersion="24"
9        android:targetSdkVersion="34" />
10
11    <uses-permission android:name="android.permission.INTERNET" />
11-->src\main\AndroidManifest.xml:5:5-67
11-->src\main\AndroidManifest.xml:5:22-64
12    <uses-permission android:name="android.permission.ACCESS_NETWORK_STATE" />
12-->src\main\AndroidManifest.xml:6:5-79
12-->src\main\AndroidManifest.xml:6:22-76
13    <uses-permission android:name="android.permission.RECEIVE_BOOT_COMPLETED" />
13-->src\main\AndroidManifest.xml:7:5-81
13-->src\main\AndroidManifest.xml:7:22-78
14    <uses-permission android:name="android.permission.FOREGROUND_SERVICE" />
14-->src\main\AndroidManifest.xml:8:5-77
14-->src\main\AndroidManifest.xml:8:22-74
15    <uses-permission android:name="android.permission.FOREGROUND_SERVICE_DATA_SYNC" />
15-->src\main\AndroidManifest.xml:9:5-87
15-->src\main\AndroidManifest.xml:9:22-84
16    <uses-permission android:name="android.permission.POST_NOTIFICATIONS" />
16-->src\main\AndroidManifest.xml:10:5-77
16-->src\main\AndroidManifest.xml:10:22-74
17    <uses-permission android:name="android.permission.VIBRATE" />
17-->src\main\AndroidManifest.xml:11:5-66
17-->src\main\AndroidManifest.xml:11:22-63
18    <uses-permission android:name="android.permission.WAKE_LOCK" />
18-->src\main\AndroidManifest.xml:12:5-68
18-->src\main\AndroidManifest.xml:12:22-65
19
20    <permission
20-->[androidx.core:core:1.12.0] AndroidManifest.xml:22:5-24:47
21        android:name="com.ticket12306.android.DYNAMIC_RECEIVER_NOT_EXPORTED_PERMISSION"
21-->[androidx.core:core:1.12.0] AndroidManifest.xml:23:9-81
22        android:protectionLevel="signature" />
22-->[androidx.core:core:1.12.0] AndroidManifest.xml:24:9-44
23
24    <uses-permission android:name="com.ticket12306.android.DYNAMIC_RECEIVER_NOT_EXPORTED_PERMISSION" />
24-->[androidx.core:core:1.12.0] AndroidManifest.xml:26:5-97
24-->[androidx.core:core:1.12.0] AndroidManifest.xml:26:22-94
25
26    <application
26-->src\main\AndroidManifest.xml:14:5-64:19
27        android:name="com.ticket12306.android.TicketApplication"
27-->src\main\AndroidManifest.xml:15:9-42
28        android:allowBackup="true"
28-->src\main\AndroidManifest.xml:16:9-35
29        android:appComponentFactory="androidx.core.app.CoreComponentFactory"
29-->[androidx.core:core:1.12.0] AndroidManifest.xml:28:18-86
30        android:extractNativeLibs="false"
31        android:icon="@mipmap/ic_launcher"
31-->src\main\AndroidManifest.xml:17:9-43
32        android:label="@string/app_name"
32-->src\main\AndroidManifest.xml:18:9-41
33        android:roundIcon="@mipmap/ic_launcher_round"
33-->src\main\AndroidManifest.xml:19:9-54
34        android:supportsRtl="true"
34-->src\main\AndroidManifest.xml:20:9-35
35        android:theme="@style/Theme.Ticket12306"
35-->src\main\AndroidManifest.xml:21:9-49
36        android:usesCleartextTraffic="true" >
36-->src\main\AndroidManifest.xml:22:9-44
37        <activity
37-->src\main\AndroidManifest.xml:25:9-34:20
38            android:name="com.ticket12306.android.ui.main.MainActivity"
38-->src\main\AndroidManifest.xml:26:13-49
39            android:exported="true"
39-->src\main\AndroidManifest.xml:27:13-36
40            android:launchMode="singleTask"
40-->src\main\AndroidManifest.xml:28:13-44
41            android:windowSoftInputMode="adjustResize" >
41-->src\main\AndroidManifest.xml:29:13-55
42            <intent-filter>
42-->src\main\AndroidManifest.xml:30:13-33:29
43                <action android:name="android.intent.action.MAIN" />
43-->src\main\AndroidManifest.xml:31:17-69
43-->src\main\AndroidManifest.xml:31:25-66
44
45                <category android:name="android.intent.category.LAUNCHER" />
45-->src\main\AndroidManifest.xml:32:17-77
45-->src\main\AndroidManifest.xml:32:27-74
46            </intent-filter>
47        </activity>
48        <activity
48-->src\main\AndroidManifest.xml:36:9-39:58
49            android:name="com.ticket12306.android.ui.login.LoginActivity"
49-->src\main\AndroidManifest.xml:37:13-51
50            android:exported="false"
50-->src\main\AndroidManifest.xml:38:13-37
51            android:windowSoftInputMode="adjustResize" />
51-->src\main\AndroidManifest.xml:39:13-55
52
53        <service
53-->src\main\AndroidManifest.xml:41:9-45:56
54            android:name="com.ticket12306.android.service.TicketForegroundService"
54-->src\main\AndroidManifest.xml:42:13-60
55            android:enabled="true"
55-->src\main\AndroidManifest.xml:43:13-35
56            android:exported="false"
56-->src\main\AndroidManifest.xml:44:13-37
57            android:foregroundServiceType="dataSync" />
57-->src\main\AndroidManifest.xml:45:13-53
58
59        <provider
60            android:name="androidx.startup.InitializationProvider"
60-->src\main\AndroidManifest.xml:48:13-67
61            android:authorities="com.ticket12306.android.androidx-startup"
61-->src\main\AndroidManifest.xml:49:13-68
62            android:exported="false" >
62-->src\main\AndroidManifest.xml:50:13-37
63            <meta-data
63-->[androidx.emoji2:emoji2:1.2.0] AndroidManifest.xml:29:13-31:52
64                android:name="androidx.emoji2.text.EmojiCompatInitializer"
64-->[androidx.emoji2:emoji2:1.2.0] AndroidManifest.xml:30:17-75
65                android:value="androidx.startup" />
65-->[androidx.emoji2:emoji2:1.2.0] AndroidManifest.xml:31:17-49
66            <meta-data
66-->[androidx.lifecycle:lifecycle-process:2.6.2] AndroidManifest.xml:29:13-31:52
67                android:name="androidx.lifecycle.ProcessLifecycleInitializer"
67-->[androidx.lifecycle:lifecycle-process:2.6.2] AndroidManifest.xml:30:17-78
68                android:value="androidx.startup" />
68-->[androidx.lifecycle:lifecycle-process:2.6.2] AndroidManifest.xml:31:17-49
69            <meta-data
69-->[androidx.profileinstaller:profileinstaller:1.3.1] AndroidManifest.xml:29:13-31:52
70                android:name="androidx.profileinstaller.ProfileInstallerInitializer"
70-->[androidx.profileinstaller:profileinstaller:1.3.1] AndroidManifest.xml:30:17-85
71                android:value="androidx.startup" />
71-->[androidx.profileinstaller:profileinstaller:1.3.1] AndroidManifest.xml:31:17-49
72        </provider>
73
74        <service
74-->[androidx.work:work-runtime:2.9.0] AndroidManifest.xml:39:9-45:35
75            android:name="androidx.work.impl.background.systemalarm.SystemAlarmService"
75-->[androidx.work:work-runtime:2.9.0] AndroidManifest.xml:40:13-88
76            android:directBootAware="false"
76-->[androidx.work:work-runtime:2.9.0] AndroidManifest.xml:41:13-44
77            android:enabled="@bool/enable_system_alarm_service_default"
77-->[androidx.work:work-runtime:2.9.0] AndroidManifest.xml:42:13-72
78            android:exported="false" />
78-->[androidx.work:work-runtime:2.9.0] AndroidManifest.xml:43:13-37
79        <service
79-->[androidx.work:work-runtime:2.9.0] AndroidManifest.xml:46:9-52:35
80            android:name="androidx.work.impl.background.systemjob.SystemJobService"
80-->[androidx.work:work-runtime:2.9.0] AndroidManifest.xml:47:13-84
81            android:directBootAware="false"
81-->[androidx.work:work-runtime:2.9.0] AndroidManifest.xml:48:13-44
82            android:enabled="@bool/enable_system_job_service_default"
82-->[androidx.work:work-runtime:2.9.0] AndroidManifest.xml:49:13-70
83            android:exported="true"
83-->[androidx.work:work-runtime:2.9.0] AndroidManifest.xml:50:13-36
84            android:permission="android.permission.BIND_JOB_SERVICE" />
84-->[androidx.work:work-runtime:2.9.0] AndroidManifest.xml:51:13-69
85        <service
85-->[androidx.work:work-runtime:2.9.0] AndroidManifest.xml:53:9-59:35
86            android:name="androidx.work.impl.foreground.SystemForegroundService"
86-->[androidx.work:work-runtime:2.9.0] AndroidManifest.xml:54:13-81
87            android:directBootAware="false"
87-->[androidx.work:work-runtime:2.9.0] AndroidManifest.xml:55:13-44
88            android:enabled="@bool/enable_system_foreground_service_default"
88-->[androidx.work:work-runtime:2.9.0] AndroidManifest.xml:56:13-77
89            android:exported="false" />
89-->[androidx.work:work-runtime:2.9.0] AndroidManifest.xml:57:13-37
90
91        <receiver
91-->[androidx.work:work-runtime:2.9.0] AndroidManifest.xml:61:9-66:35
92            android:name="androidx.work.impl.utils.ForceStopRunnable$BroadcastReceiver"
92-->[androidx.work:work-runtime:2.9.0] AndroidManifest.xml:62:13-88
93            android:directBootAware="false"
93-->[androidx.work:work-runtime:2.9.0] AndroidManifest.xml:63:13-44
94            android:enabled="true"
94-->[androidx.work:work-runtime:2.9.0] AndroidManifest.xml:64:13-35
95            android:exported="false" />
95-->[androidx.work:work-runtime:2.9.0] AndroidManifest.xml:65:13-37
96        <receiver
96-->[androidx.work:work-runtime:2.9.0] AndroidManifest.xml:67:9-77:20
97            android:name="androidx.work.impl.background.systemalarm.ConstraintProxy$BatteryChargingProxy"
97-->[androidx.work:work-runtime:2.9.0] AndroidManifest.xml:68:13-106
98            android:directBootAware="false"
98-->[androidx.work:work-runtime:2.9.0] AndroidManifest.xml:69:13-44
99            android:enabled="false"
99-->[androidx.work:work-runtime:2.9.0] AndroidManifest.xml:70:13-36
100            android:exported="false" >
100-->[androidx.work:work-runtime:2.9.0] AndroidManifest.xml:71:13-37
101            <intent-filter>
101-->[androidx.work:work-runtime:2.9.0] AndroidManifest.xml:73:13-76:29
102                <action android:name="android.intent.action.ACTION_POWER_CONNECTED" />
102-->[androidx.work:work-runtime:2.9.0] AndroidManifest.xml:74:17-87
102-->[androidx.work:work-runtime:2.9.0] AndroidManifest.xml:74:25-84
103                <action android:name="android.intent.action.ACTION_POWER_DISCONNECTED" />
103-->[androidx.work:work-runtime:2.9.0] AndroidManifest.xml:75:17-90
103-->[androidx.work:work-runtime:2.9.0] AndroidManifest.xml:75:25-87
104            </intent-filter>
105        </receiver>
106        <receiver
106-->[androidx.work:work-runtime:2.9.0] AndroidManifest.xml:78:9-88:20
107            android:name="androidx.work.impl.background.systemalarm.ConstraintProxy$BatteryNotLowProxy"
107-->[androidx.work:work-runtime:2.9.0] AndroidManifest.xml:79:13-104
108            android:directBootAware="false"
108-->[androidx.work:work-runtime:2.9.0] AndroidManifest.xml:80:13-44
109            android:enabled="false"
109-->[androidx.work:work-runtime:2.9.0] AndroidManifest.xml:81:13-36
110            android:exported="false" >
110-->[androidx.work:work-runtime:2.9.0] AndroidManifest.xml:82:13-37
111            <intent-filter>
111-->[androidx.work:work-runtime:2.9.0] AndroidManifest.xml:84:13-87:29
112                <action android:name="android.intent.action.BATTERY_OKAY" />
112-->[androidx.work:work-runtime:2.9.0] AndroidManifest.xml:85:17-77
112-->[androidx.work:work-runtime:2.9.0] AndroidManifest.xml:85:25-74
113                <action android:name="android.intent.action.BATTERY_LOW" />
113-->[androidx.work:work-runtime:2.9.0] AndroidManifest.xml:86:17-76
113-->[androidx.work:work-runtime:2.9.0] AndroidManifest.xml:86:25-73
114            </intent-filter>
115        </receiver>
116        <receiver
116-->[androidx.work:work-runtime:2.9.0] AndroidManifest.xml:89:9-99:20
117            android:name="androidx.work.impl.background.systemalarm.ConstraintProxy$StorageNotLowProxy"
117-->[androidx.work:work-runtime:2.9.0] AndroidManifest.xml:90:13-104
118            android:directBootAware="false"
118-->[androidx.work:work-runtime:2.9.0] AndroidManifest.xml:91:13-44
119            android:enabled="false"
119-->[androidx.work:work-runtime:2.9.0] AndroidManifest.xml:92:13-36
120            android:exported="false" >
120-->[androidx.work:work-runtime:2.9.0] AndroidManifest.xml:93:13-37
121            <intent-filter>
121-->[androidx.work:work-runtime:2.9.0] AndroidManifest.xml:95:13-98:29
122                <action android:name="android.intent.action.DEVICE_STORAGE_LOW" />
122-->[androidx.work:work-runtime:2.9.0] AndroidManifest.xml:96:17-83
122-->[androidx.work:work-runtime:2.9.0] AndroidManifest.xml:96:25-80
123                <action android:name="android.intent.action.DEVICE_STORAGE_OK" />
123-->[androidx.work:work-runtime:2.9.0] AndroidManifest.xml:97:17-82
123-->[androidx.work:work-runtime:2.9.0] AndroidManifest.xml:97:25-79
124            </intent-filter>
125        </receiver>
126        <receiver
126-->[androidx.work:work-runtime:2.9.0] AndroidManifest.xml:100:9-109:20
127            android:name="androidx.work.impl.background.systemalarm.ConstraintProxy$NetworkStateProxy"
127-->[androidx.work:work-runtime:2.9.0] AndroidManifest.xml:101:13-103
128            android:directBootAware="false"
128-->[androidx.work:work-runtime:2.9.0] AndroidManifest.xml:102:13-44
129            android:enabled="false"
129-->[androidx.work:work-runtime:2.9.0] AndroidManifest.xml:103:13-36
130            android:exported="false" >
130-->[androidx.work:work-runtime:2.9.0] AndroidManifest.xml:104:13-37
131            <intent-filter>
131-->[androidx.work:work-runtime:2.9.0] AndroidManifest.xml:106:13-108:29
132                <action android:name="android.net.conn.CONNECTIVITY_CHANGE" />
132-->[androidx.work:work-runtime:2.9.0] AndroidManifest.xml:107:17-79
132-->[androidx.work:work-runtime:2.9.0] AndroidManifest.xml:107:25-76
133            </intent-filter>
134        </receiver>
135        <receiver
135-->[androidx.work:work-runtime:2.9.0] AndroidManifest.xml:110:9-121:20
136            android:name="androidx.work.impl.background.systemalarm.RescheduleReceiver"
136-->[androidx.work:work-runtime:2.9.0] AndroidManifest.xml:111:13-88
137            android:directBootAware="false"
137-->[androidx.work:work-runtime:2.9.0] AndroidManifest.xml:112:13-44
138            android:enabled="false"
138-->[androidx.work:work-runtime:2.9.0] AndroidManifest.xml:113:13-36
139            android:exported="false" >
139-->[androidx.work:work-runtime:2.9.0] AndroidManifest.xml:114:13-37
140            <intent-filter>
140-->[androidx.work:work-runtime:2.9.0] AndroidManifest.xml:116:13-120:29
141                <action android:name="android.intent.action.BOOT_COMPLETED" />
141-->[androidx.work:work-runtime:2.9.0] AndroidManifest.xml:117:17-79
141-->[androidx.work:work-runtime:2.9.0] AndroidManifest.xml:117:25-76
142                <action android:name="android.intent.action.TIME_SET" />
142-->[androidx.work:work-runtime:2.9.0] AndroidManifest.xml:118:17-73
142-->[androidx.work:work-runtime:2.9.0] AndroidManifest.xml:118:25-70
143                <action android:name="android.intent.action.TIMEZONE_CHANGED" />
143-->[androidx.work:work-runtime:2.9.0] AndroidManifest.xml:119:17-81
143-->[androidx.work:work-runtime:2.9.0] AndroidManifest.xml:119:25-78
144            </intent-filter>
145        </receiver>
146        <receiver
146-->[androidx.work:work-runtime:2.9.0] AndroidManifest.xml:122:9-131:20
147            android:name="androidx.work.impl.background.systemalarm.ConstraintProxyUpdateReceiver"
147-->[androidx.work:work-runtime:2.9.0] AndroidManifest.xml:123:13-99
148            android:directBootAware="false"
148-->[androidx.work:work-runtime:2.9.0] AndroidManifest.xml:124:13-44
149            android:enabled="@bool/enable_system_alarm_service_default"
149-->[androidx.work:work-runtime:2.9.0] AndroidManifest.xml:125:13-72
150            android:exported="false" >
150-->[androidx.work:work-runtime:2.9.0] AndroidManifest.xml:126:13-37
151            <intent-filter>
151-->[androidx.work:work-runtime:2.9.0] AndroidManifest.xml:128:13-130:29
152                <action android:name="androidx.work.impl.background.systemalarm.UpdateProxies" />
152-->[androidx.work:work-runtime:2.9.0] AndroidManifest.xml:129:17-98
152-->[androidx.work:work-runtime:2.9.0] AndroidManifest.xml:129:25-95
153            </intent-filter>
154        </receiver>
155        <receiver
155-->[androidx.work:work-runtime:2.9.0] AndroidManifest.xml:132:9-142:20
156            android:name="androidx.work.impl.diagnostics.DiagnosticsReceiver"
156-->[androidx.work:work-runtime:2.9.0] AndroidManifest.xml:133:13-78
157            android:directBootAware="false"
157-->[androidx.work:work-runtime:2.9.0] AndroidManifest.xml:134:13-44
158            android:enabled="true"
158-->[androidx.work:work-runtime:2.9.0] AndroidManifest.xml:135:13-35
159            android:exported="true"
159-->[androidx.work:work-runtime:2.9.0] AndroidManifest.xml:136:13-36
160            android:permission="android.permission.DUMP" >
160-->[androidx.work:work-runtime:2.9.0] AndroidManifest.xml:137:13-57
161            <intent-filter>
161-->[androidx.work:work-runtime:2.9.0] AndroidManifest.xml:139:13-141:29
162                <action android:name="androidx.work.diagnostics.REQUEST_DIAGNOSTICS" />
162-->[androidx.work:work-runtime:2.9.0] AndroidManifest.xml:140:17-88
162-->[androidx.work:work-runtime:2.9.0] AndroidManifest.xml:140:25-85
163            </intent-filter>
164        </receiver>
165
166        <uses-library
166-->[androidx.window:window:1.0.0] AndroidManifest.xml:25:9-27:40
167            android:name="androidx.window.extensions"
167-->[androidx.window:window:1.0.0] AndroidManifest.xml:26:13-54
168            android:required="false" />
168-->[androidx.window:window:1.0.0] AndroidManifest.xml:27:13-37
169        <uses-library
169-->[androidx.window:window:1.0.0] AndroidManifest.xml:28:9-30:40
170            android:name="androidx.window.sidecar"
170-->[androidx.window:window:1.0.0] AndroidManifest.xml:29:13-51
171            android:required="false" />
171-->[androidx.window:window:1.0.0] AndroidManifest.xml:30:13-37
172
173        <service
173-->[androidx.room:room-runtime:2.6.1] AndroidManifest.xml:24:9-28:63
174            android:name="androidx.room.MultiInstanceInvalidationService"
174-->[androidx.room:room-runtime:2.6.1] AndroidManifest.xml:25:13-74
175            android:directBootAware="true"
175-->[androidx.room:room-runtime:2.6.1] AndroidManifest.xml:26:13-43
176            android:exported="false" />
176-->[androidx.room:room-runtime:2.6.1] AndroidManifest.xml:27:13-37
177
178        <receiver
178-->[androidx.profileinstaller:profileinstaller:1.3.1] AndroidManifest.xml:34:9-52:20
179            android:name="androidx.profileinstaller.ProfileInstallReceiver"
179-->[androidx.profileinstaller:profileinstaller:1.3.1] AndroidManifest.xml:35:13-76
180            android:directBootAware="false"
180-->[androidx.profileinstaller:profileinstaller:1.3.1] AndroidManifest.xml:36:13-44
181            android:enabled="true"
181-->[androidx.profileinstaller:profileinstaller:1.3.1] AndroidManifest.xml:37:13-35
182            android:exported="true"
182-->[androidx.profileinstaller:profileinstaller:1.3.1] AndroidManifest.xml:38:13-36
183            android:permission="android.permission.DUMP" >
183-->[androidx.profileinstaller:profileinstaller:1.3.1] AndroidManifest.xml:39:13-57
184            <intent-filter>
184-->[androidx.profileinstaller:profileinstaller:1.3.1] AndroidManifest.xml:40:13-42:29
185                <action android:name="androidx.profileinstaller.action.INSTALL_PROFILE" />
185-->[androidx.profileinstaller:profileinstaller:1.3.1] AndroidManifest.xml:41:17-91
185-->[androidx.profileinstaller:profileinstaller:1.3.1] AndroidManifest.xml:41:25-88
186            </intent-filter>
187            <intent-filter>
187-->[androidx.profileinstaller:profileinstaller:1.3.1] AndroidManifest.xml:43:13-45:29
188                <action android:name="androidx.profileinstaller.action.SKIP_FILE" />
188-->[androidx.profileinstaller:profileinstaller:1.3.1] AndroidManifest.xml:44:17-85
188-->[androidx.profileinstaller:profileinstaller:1.3.1] AndroidManifest.xml:44:25-82
189            </intent-filter>
190            <intent-filter>
190-->[androidx.profileinstaller:profileinstaller:1.3.1] AndroidManifest.xml:46:13-48:29
191                <action android:name="androidx.profileinstaller.action.SAVE_PROFILE" />
191-->[androidx.profileinstaller:profileinstaller:1.3.1] AndroidManifest.xml:47:17-88
191-->[androidx.profileinstaller:profileinstaller:1.3.1] AndroidManifest.xml:47:25-85
192            </intent-filter>
193            <intent-filter>
193-->[androidx.profileinstaller:profileinstaller:1.3.1] AndroidManifest.xml:49:13-51:29
194                <action android:name="androidx.profileinstaller.action.BENCHMARK_OPERATION" />
194-->[androidx.profileinstaller:profileinstaller:1.3.1] AndroidManifest.xml:50:17-95
194-->[androidx.profileinstaller:profileinstaller:1.3.1] AndroidManifest.xml:50:25-92
195            </intent-filter>
196        </receiver>
197    </application>
198
199</manifest>